Arguments: 
  C:\Program Files\nodejs\node.exe C:\Program Files\nodejs\node_modules\yarn\bin\yarn.js add react-toastify

PATH: 
  C:\Program Files\WindowsApps\Microsoft.PowerShell_7.3.6.0_x64__8wekyb3d8bbwe;C:\Python311\Scripts\;C:\Python311\;C:\Windows\system32;C:\Windows;C:\Windows\System32\Wbem;C:\Windows\System32\WindowsPowerShell\v1.0\;C:\Program Files\NVIDIA Corporation\NVIDIA NvDLISR;C:\WINDOWS\system32;C:\WINDOWS;C:\WINDOWS\System32\Wbem;C:\WINDOWS\System32\WindowsPowerShell\v1.0\;C:\WINDOWS\System32\OpenSSH\;C:\Program Files (x86)\NVIDIA Corporation\PhysX\Common;C:\Program Files\dotnet\;C:\WINDOWS\system32;C:\WINDOWS;C:\WINDOWS\System32\Wbem;C:\WINDOWS\System32\WindowsPowerShell\v1.0\;C:\WINDOWS\System32\OpenSSH\;C:\Program Files (x86)\nodejs;C:\Program Files\nodejs;C:\Program Files\Git\cmd;C:\ProgramData\chocolatey\bin;C:\Program Files\nodejs\;C:\Users\PC\.console-ninja\.bin;C:\Users\PC\AppData\Local\Microsoft\WindowsApps;C:\Users\PC\AppData\Local\Programs\Microsoft VS Code\bin;C:\Program Files (x86)\nodejs;C:\Program Files\nodejs;C:\Users\PC\AppData\Local\Programs\oh-my-posh\bin;C:\Users\PC\go\bin;C:\Users\PC\AppData\Roaming\npm

Yarn version: 
  1.22.19

Node version: 
  18.17.0

Platform: 
  win32 x64

Trace: 
  Error: EPERM: operation not permitted, unlink 'G:\OneDrive\Programação\Kenzie\Modulo 3\2.Entregas\Splint 2\node_modules\@esbuild\win32-x64\esbuild.exe'

npm manifest: 
  {
    "name": "usestate-t18",
    "private": true,
    "version": "0.0.0",
    "type": "module",
    "scripts": {
      "dev": "vite",
      "build": "vite build",
      "preview": "vite preview"
    },
    "dependencies": {
      "react": "^18.2.0",
      "react-dom": "^18.2.0",
      "react-toastify": "^9.1.3",
      "sass": "^1.64.1",
      "uuid": "^9.0.0"
    },
    "devDependencies": {
      "@types/react": "^18.0.27",
      "@types/react-dom": "^18.0.10",
      "@vitejs/plugin-react": "^3.1.0",
      "vite": "^4.1.0"
    }
  }

yarn manifest: 
  No manifest

Lockfile: 
  No lockfile
